Android/app/build/intermediates/manifest_merge_blame_file/debug/manifest-merger-blame-debug-report.txt
1<?xml version="1.0" encoding="utf-8"?>
2<manifest xmlns:android="http://schemas.android.com/apk/res/android"
3    package="org.tensorflow.lite.examples.detection"
4    android:versionCode="1"
5    android:versionName="1.0" >
6
7    <uses-sdk
7-->src/main/AndroidManifest.xml:4:5-17
8        android:minSdkVersion="21"
8-->src/main/AndroidManifest.xml:4:5-17
9        android:targetSdkVersion="21" />
9-->src/main/AndroidManifest.xml:4:5-17
10
11    <uses-permission android:name="android.permission.CAMERA" />
11-->src/main/AndroidManifest.xml:6:5-65
11-->src/main/AndroidManifest.xml:6:22-62
12
13    <uses-feature android:name="android.hardware.camera" />
13-->src/main/AndroidManifest.xml:8:5-60
13-->src/main/AndroidManifest.xml:8:19-57
14    <uses-feature android:name="android.hardware.camera.autofocus" />
14-->src/main/AndroidManifest.xml:9:5-70
14-->src/main/AndroidManifest.xml:9:19-67
15    <!-- Although the *SdkVersion is captured in gradle build files, this is required for non gradle builds -->
16    <!-- <uses-sdk android:minSdkVersion="14"/> -->
17    <uses-permission android:name="android.permission.ACCESS_NETWORK_STATE" />
17-->[com.google.android.datatransport:transport-backend-cct:2.3.3] AndroidManifest.xml:25:5-79
17-->[com.google.android.datatransport:transport-backend-cct:2.3.3] AndroidManifest.xml:25:22-76
18    <uses-permission android:name="android.permission.INTERNET" />
18-->[com.google.android.datatransport:transport-backend-cct:2.3.3] AndroidManifest.xml:26:5-67
18-->[com.google.android.datatransport:transport-backend-cct:2.3.3] AndroidManifest.xml:26:22-64
19
20    <application
20-->src/main/AndroidManifest.xml:11:5-29:19
21        android:allowBackup="false"
21-->src/main/AndroidManifest.xml:12:9-36
22        android:appComponentFactory="androidx.core.app.CoreComponentFactory"
22-->[androidx.core:core:1.3.1] AndroidManifest.xml:24:18-86
23        android:debuggable="true"
24        android:icon="@mipmap/ic_launcher"
24-->src/main/AndroidManifest.xml:13:9-43
25        android:label="@string/tfe_od_app_name"
25-->src/main/AndroidManifest.xml:14:9-48
26        android:roundIcon="@mipmap/ic_launcher_round"
26-->src/main/AndroidManifest.xml:15:9-54
27        android:supportsRtl="true"
27-->src/main/AndroidManifest.xml:16:9-35
28        android:theme="@style/AppTheme.ObjectDetection" >
28-->src/main/AndroidManifest.xml:17:9-56
29        <activity
29-->src/main/AndroidManifest.xml:19:9-27:20
30            android:name="org.tensorflow.lite.examples.detection.DetectorActivity"
30-->src/main/AndroidManifest.xml:20:13-45
31            android:label="@string/tfe_od_app_name"
31-->src/main/AndroidManifest.xml:21:13-52
32            android:screenOrientation="portrait" >
32-->src/main/AndroidManifest.xml:22:13-49
33            <intent-filter>
33-->src/main/AndroidManifest.xml:23:13-26:29
34                <action android:name="android.intent.action.MAIN" />
34-->src/main/AndroidManifest.xml:24:17-69
34-->src/main/AndroidManifest.xml:24:25-66
35
36                <category android:name="android.intent.category.LAUNCHER" />
36-->src/main/AndroidManifest.xml:25:17-77
36-->src/main/AndroidManifest.xml:25:27-74
37            </intent-filter>
38        </activity>
39
40        <service
40-->[com.google.android.gms:play-services-mlkit-face-detection:16.1.6] AndroidManifest.xml:9:9-15:19
41            android:name="com.google.mlkit.common.internal.MlKitComponentDiscoveryService"
41-->[com.google.android.gms:play-services-mlkit-face-detection:16.1.6] AndroidManifest.xml:10:13-91
42            android:directBootAware="true"
42-->[com.google.mlkit:common:17.1.1] AndroidManifest.xml:17:13-43
43            android:exported="false" >
43-->[com.google.android.gms:play-services-mlkit-face-detection:16.1.6] AndroidManifest.xml:11:13-37
44            <meta-data
44-->[com.google.android.gms:play-services-mlkit-face-detection:16.1.6] AndroidManifest.xml:12:13-14:85
45                android:name="com.google.firebase.components:com.google.mlkit.vision.face.internal.FaceRegistrar"
45-->[com.google.android.gms:play-services-mlkit-face-detection:16.1.6] AndroidManifest.xml:13:17-114
46                android:value="com.google.firebase.components.ComponentRegistrar" />
46-->[com.google.android.gms:play-services-mlkit-face-detection:16.1.6] AndroidManifest.xml:14:17-82
47            <meta-data
47-->[com.google.mlkit:vision-common:16.3.0] AndroidManifest.xml:12:13-14:85
48                android:name="com.google.firebase.components:com.google.mlkit.vision.common.internal.VisionCommonRegistrar"
48-->[com.google.mlkit:vision-common:16.3.0] AndroidManifest.xml:13:17-124
49                android:value="com.google.firebase.components.ComponentRegistrar" />
49-->[com.google.mlkit:vision-common:16.3.0] AndroidManifest.xml:14:17-82
50            <meta-data
50-->[com.google.mlkit:common:17.1.1] AndroidManifest.xml:20:13-22:85
51                android:name="com.google.firebase.components:com.google.mlkit.common.internal.CommonComponentRegistrar"
51-->[com.google.mlkit:common:17.1.1] AndroidManifest.xml:21:17-120
52                android:value="com.google.firebase.components.ComponentRegistrar" />
52-->[com.google.mlkit:common:17.1.1] AndroidManifest.xml:22:17-82
53        </service>
54
55        <provider
55-->[com.google.mlkit:common:17.1.1] AndroidManifest.xml:9:9-13:38
56            android:name="com.google.mlkit.common.internal.MlKitInitProvider"
56-->[com.google.mlkit:common:17.1.1] AndroidManifest.xml:10:13-78
57            android:authorities="org.tensorflow.lite.examples.detection.mlkitinitprovider"
57-->[com.google.mlkit:common:17.1.1] AndroidManifest.xml:11:13-69
58            android:exported="false"
58-->[com.google.mlkit:common:17.1.1] AndroidManifest.xml:12:13-37
59            android:initOrder="99" />
59-->[com.google.mlkit:common:17.1.1] AndroidManifest.xml:13:13-35
60
61        <activity
61-->[com.google.android.gms:play-services-base:17.6.0] AndroidManifest.xml:23:9-26:75
62            android:name="com.google.android.gms.common.api.GoogleApiActivity"
62-->[com.google.android.gms:play-services-base:17.6.0] AndroidManifest.xml:24:13-79
63            android:exported="false"
63-->[com.google.android.gms:play-services-base:17.6.0] AndroidManifest.xml:25:13-37
64            android:theme="@android:style/Theme.Translucent.NoTitleBar" />
64-->[com.google.android.gms:play-services-base:17.6.0] AndroidManifest.xml:26:13-72
65
66        <meta-data
66-->[com.google.android.gms:play-services-basement:17.6.0] AndroidManifest.xml:23:9-25:69
67            android:name="com.google.android.gms.version"
67-->[com.google.android.gms:play-services-basement:17.6.0] AndroidManifest.xml:24:13-58
68            android:value="@integer/google_play_services_version" />
68-->[com.google.android.gms:play-services-basement:17.6.0] AndroidManifest.xml:25:13-66
69
70        <service
70-->[com.google.android.datatransport:transport-backend-cct:2.3.3] AndroidManifest.xml:29:9-35:19
71            android:name="com.google.android.datatransport.runtime.backends.TransportBackendDiscovery"
71-->[com.google.android.datatransport:transport-backend-cct:2.3.3] AndroidManifest.xml:30:13-103
72            android:exported="false" >
72-->[com.google.android.datatransport:transport-backend-cct:2.3.3] AndroidManifest.xml:31:13-37
73            <meta-data
73-->[com.google.android.datatransport:transport-backend-cct:2.3.3] AndroidManifest.xml:32:13-34:39
74                android:name="backend:com.google.android.datatransport.cct.CctBackendFactory"
74-->[com.google.android.datatransport:transport-backend-cct:2.3.3] AndroidManifest.xml:33:17-94
75                android:value="cct" />
75-->[com.google.android.datatransport:transport-backend-cct:2.3.3] AndroidManifest.xml:34:17-36
76        </service>
77        <service
77-->[com.google.android.datatransport:transport-runtime:2.2.6] AndroidManifest.xml:26:9-30:19
78            android:name="com.google.android.datatransport.runtime.scheduling.jobscheduling.JobInfoSchedulerService"
78-->[com.google.android.datatransport:transport-runtime:2.2.6] AndroidManifest.xml:27:13-117
79            android:exported="false"
79-->[com.google.android.datatransport:transport-runtime:2.2.6] AndroidManifest.xml:28:13-37
80            android:permission="android.permission.BIND_JOB_SERVICE" >
80-->[com.google.android.datatransport:transport-runtime:2.2.6] AndroidManifest.xml:29:13-69
81        </service>
82
83        <receiver
83-->[com.google.android.datatransport:transport-runtime:2.2.6] AndroidManifest.xml:32:9-34:40
84            android:name="com.google.android.datatransport.runtime.scheduling.jobscheduling.AlarmManagerSchedulerBroadcastReceiver"
84-->[com.google.android.datatransport:transport-runtime:2.2.6] AndroidManifest.xml:33:13-132
85            android:exported="false" />
85-->[com.google.android.datatransport:transport-runtime:2.2.6] AndroidManifest.xml:34:13-37
86    </application>
87
88</manifest>